Using pre-set license
Built from '2020.3/staging' branch; Version is '2020.3.8f1 (507919d4fff5) revision 5273881'; Using compiler version '192528614'; Build Type 'Release'
OS: 'Windows 10 Pro; OS build 19042.1052; Version 2009; 64bit' Language: 'en' Physical Memory: 16233 MB
BatchMode: 1, IsHumanControllingUs: 0, StartBugReporterOnCrash: 0, Is64bit: 1, IsPro: 0

 COMMAND LINE ARGUMENTS:
C:\Program Files\Unity\Hub\Editor\2020.3.8f1\Editor\Unity.exe
-adb2
-batchMode
-noUpm
-name
AssetImportWorker0
-projectPath
D:/Unity Games Editor/Terminal Hacker
-logFile
Logs/AssetImportWorker0.log
-srvPort
55840
Successfully changed project path to: D:/Unity Games Editor/Terminal Hacker
D:/Unity Games Editor/Terminal Hacker
Using Asset Import Pipeline V2.
Refreshing native plugins compatible for Editor in 27.00 ms, found 1 plugins.
Preloading 0 native plugins for Editor in 0.00 ms.
Initialize engine version: 2020.3.8f1 (507919d4fff5)
[Subsystems] Discovering subsystems at path C:/Program Files/Unity/Hub/Editor/2020.3.8f1/Editor/Data/Resources/UnitySubsystems
[Subsystems] Discovering subsystems at path D:/Unity Games Editor/Terminal Hacker/Assets
GfxDevice: creating device client; threaded=0
Direct3D:
    Version:  Direct3D 11.0 [level 11.1]
    Renderer: Intel(R) UHD Graphics 630 (ID=0x9bc5)
    Vendor:   
    VRAM:     8116 MB
    Driver:   27.20.100.9316
Initialize mono
Mono path[0] = 'C:/Program Files/Unity/Hub/Editor/2020.3.8f1/Editor/Data/Managed'
Mono path[1] = 'C:/Program Files/Unity/Hub/Editor/2020.3.8f1/Editor/Data/MonoBleedingEdge/lib/mono/unityjit'
Mono config path = 'C:/Program Files/Unity/Hub/Editor/2020.3.8f1/Editor/Data/MonoBleedingEdge/etc'
Using monoOptions --debugger-agent=transport=dt_socket,embedding=1,server=y,suspend=n,address=127.0.0.1:56292
Begin MonoManager ReloadAssembly
Registering precompiled unity dll's ...
Register platform support module: C:/Program Files/Unity/Hub/Editor/2020.3.8f1/Editor/Data/PlaybackEngines/WebGLSupport/UnityEditor.WebGL.Extensions.dll
Register platform support module: C:/Program Files/Unity/Hub/Editor/2020.3.8f1/Editor/Data/PlaybackEngines/MacStandaloneSupport/UnityEditor.OSXStandalone.Extensions.dll
Register platform support module: C:/Program Files/Unity/Hub/Editor/2020.3.8f1/Editor/Data/PlaybackEngines/WindowsStandaloneSupport/UnityEditor.WindowsStandalone.Extensions.dll
Register platform support module: C:/Program Files/Unity/Hub/Editor/2020.3.8f1/Editor/Data/PlaybackEngines/LinuxStandaloneSupport/UnityEditor.LinuxStandalone.Extensions.dll
Register platform support module: C:/Program Files/Unity/Hub/Editor/2020.3.8f1/Editor/Data/PlaybackEngines/LuminSupport/UnityEditor.Lumin.Extensions.dll
Registered in 0.002724 seconds.
Native extension for Lumin target not found
Native extension for LinuxStandalone target not found
Native extension for WindowsStandalone target not found
Native extension for OSXStandalone target not found
Native extension for WebGL target not found
Refreshing native plugins compatible for Editor in 26.54 ms, found 1 plugins.
Preloading 0 native plugins for Editor in 0.00 ms.
Mono: successfully reloaded assembly
- Completed reload, in  0.936 seconds
Platform modules already initialized, skipping
Registering precompiled user dll's ...
Registered in 0.000513 seconds.
Begin MonoManager ReloadAssembly
Native extension for Lumin target not found
Native extension for LinuxStandalone target not found
Native extension for WindowsStandalone target not found
Native extension for OSXStandalone target not found
Native extension for WebGL target not found
Refreshing native plugins compatible for Editor in 27.66 ms, found 1 plugins.
Preloading 0 native plugins for Editor in 0.00 ms.
Mono: successfully reloaded assembly
- Completed reload, in  0.686 seconds
Platform modules already initialized, skipping
========================================================================
Worker process is ready to serve import requests
Launched and connected shader compiler UnityShaderCompiler.exe after 0.03 seconds
Refreshing native plugins compatible for Editor in 0.28 ms, found 1 plugins.
Preloading 0 native plugins for Editor in 0.00 ms.
Unloading 1814 Unused Serialized files (Serialized files now loaded: 0)
System memory in use before: 84.9 MB.
System memory in use after: 85.0 MB.

Unloading 19 unused Assets to reduce memory usage. Loaded Objects now: 2262.
Total: 1.499600 ms (FindLiveObjects: 0.132900 ms CreateObjectMapping: 0.044200 ms MarkObjects: 1.283100 ms  DeleteObjects: 0.038700 ms)

========================================================================
Received Import Request.
  path: Assets
  artifactKey: Guid(00000000000000001000000000000000) Importer(815301076,1909f56bfc062723c751e8b465ee728b)
Start importing Assets using Guid(00000000000000001000000000000000) Importer(815301076,1909f56bfc062723c751e8b465ee728b)  -> (artifact id: 'a136212773665700e53849d449ac76cb') in 0.003422 seconds
  Import took 0.012513 seconds .

========================================================================
Received Import Request.
  Time since last request: 10.058592 seconds.
  path: Assets/New 2D Kit
  artifactKey: Guid(b42777a273a334d499c433a56bb7c559) Importer(815301076,1909f56bfc062723c751e8b465ee728b)
Start importing Assets/New 2D Kit using Guid(b42777a273a334d499c433a56bb7c559) Importer(815301076,1909f56bfc062723c751e8b465ee728b)  -> (artifact id: 'c29ac1c0ee40d6c6d747fc5e9f5f590d') in 0.001576 seconds
  Import took 0.004678 seconds .

========================================================================
Received Import Request.
  Time since last request: 0.004449 seconds.
  path: Assets/New 2D Kit
  artifactKey: Guid(b42777a273a334d499c433a56bb7c559) Importer(815301076,1909f56bfc062723c751e8b465ee728b)
Start importing Assets/New 2D Kit using Guid(b42777a273a334d499c433a56bb7c559) Importer(815301076,1909f56bfc062723c751e8b465ee728b)  -> (artifact id: 'c29ac1c0ee40d6c6d747fc5e9f5f590d') in 0.001441 seconds
  Import took 0.003670 seconds .

========================================================================
Received Prepare
Registering precompiled user dll's ...
Registered in 0.000489 seconds.
Begin MonoManager ReloadAssembly
Native extension for Lumin target not found
Native extension for LinuxStandalone target not found
Native extension for WindowsStandalone target not found
Native extension for OSXStandalone target not found
Native extension for WebGL target not found
Refreshing native plugins compatible for Editor in 0.27 ms, found 1 plugins.
Preloading 0 native plugins for Editor in 0.00 ms.
Mono: successfully reloaded assembly
- Completed reload, in  0.632 seconds
Platform modules already initialized, skipping
Refreshing native plugins compatible for Editor in 0.19 ms, found 1 plugins.
Preloading 0 native plugins for Editor in 0.00 ms.
Unloading 1810 Unused Serialized files (Serialized files now loaded: 0)
System memory in use before: 84.6 MB.
System memory in use after: 84.7 MB.

Unloading 8 unused Assets to reduce memory usage. Loaded Objects now: 2270.
Total: 1.477200 ms (FindLiveObjects: 0.132400 ms CreateObjectMapping: 0.046800 ms MarkObjects: 1.288100 ms  DeleteObjects: 0.009200 ms)

========================================================================
Received Import Request.
  Time since last request: 19.232312 seconds.
  path: Assets/Prefabs
  artifactKey: Guid(54c43fa8adc6f454a95d2183c6432db6) Importer(815301076,1909f56bfc062723c751e8b465ee728b)
Start importing Assets/Prefabs using Guid(54c43fa8adc6f454a95d2183c6432db6) Importer(815301076,1909f56bfc062723c751e8b465ee728b)  -> (artifact id: 'fafa7ca5ae518b5dd2e65c4944b0739a') in 0.003709 seconds
  Import took 0.006090 seconds .

========================================================================
Received Import Request.
  Time since last request: 1.714378 seconds.
  path: Assets/Scripts
  artifactKey: Guid(d62d9e1562110324687284f9e5100b8e) Importer(815301076,1909f56bfc062723c751e8b465ee728b)
Start importing Assets/Scripts using Guid(d62d9e1562110324687284f9e5100b8e) Importer(815301076,1909f56bfc062723c751e8b465ee728b)  -> (artifact id: '2a533437422552bcf11948f39ca2bf66') in 0.001465 seconds
  Import took 0.010001 seconds .

========================================================================
Received Prepare
Registering precompiled user dll's ...
Registered in 0.000717 seconds.
Begin MonoManager ReloadAssembly
Native extension for Lumin target not found
Native extension for LinuxStandalone target not found
Native extension for WindowsStandalone target not found
Native extension for OSXStandalone target not found
Native extension for WebGL target not found
Refreshing native plugins compatible for Editor in 0.26 ms, found 1 plugins.
Preloading 0 native plugins for Editor in 0.00 ms.
Mono: successfully reloaded assembly
- Completed reload, in  0.636 seconds
Platform modules already initialized, skipping
Refreshing native plugins compatible for Editor in 0.19 ms, found 1 plugins.
Preloading 0 native plugins for Editor in 0.00 ms.
Unloading 1810 Unused Serialized files (Serialized files now loaded: 0)
System memory in use before: 84.6 MB.
System memory in use after: 84.7 MB.

Unloading 8 unused Assets to reduce memory usage. Loaded Objects now: 2273.
Total: 1.526300 ms (FindLiveObjects: 0.137000 ms CreateObjectMapping: 0.045900 ms MarkObjects: 1.333600 ms  DeleteObjects: 0.009200 ms)

========================================================================
Received Import Request.
  Time since last request: 11.906786 seconds.
  path: Assets/ReadMe.cs
  artifactKey: Guid(abf3bbf64b81ade4d8d2905543f8f90e) Importer(815301076,1909f56bfc062723c751e8b465ee728b)
Start importing Assets/ReadMe.cs using Guid(abf3bbf64b81ade4d8d2905543f8f90e) Importer(815301076,1909f56bfc062723c751e8b465ee728b)  -> (artifact id: '63d5fb6a185d786976a9675ac170bf53') in 0.014348 seconds
  Import took 0.016424 seconds .

========================================================================
Received Import Request.
  Time since last request: 0.011119 seconds.
  path: Assets/ReadMe.cs
  artifactKey: Guid(abf3bbf64b81ade4d8d2905543f8f90e) Importer(815301076,1909f56bfc062723c751e8b465ee728b)
Start importing Assets/ReadMe.cs using Guid(abf3bbf64b81ade4d8d2905543f8f90e) Importer(815301076,1909f56bfc062723c751e8b465ee728b)  -> (artifact id: '63d5fb6a185d786976a9675ac170bf53') in 0.001744 seconds
  Import took 0.003699 seconds .

========================================================================
Received Import Request.
  Time since last request: 14.666039 seconds.
  path: Assets/New 2D Kit/Prefabs/PlayerBlock.prefab
  artifactKey: Guid(7c9baa423b17db549af1430f2e53672e) Importer(815301076,1909f56bfc062723c751e8b465ee728b)
Start importing Assets/New 2D Kit/Prefabs/PlayerBlock.prefab using Guid(7c9baa423b17db549af1430f2e53672e) Importer(815301076,1909f56bfc062723c751e8b465ee728b)  -> (artifact id: '540bdaa385eea1f5fac36015822f9c90') in 0.074181 seconds
  Import took 0.076747 seconds .

========================================================================
Received Import Request.
  Time since last request: 0.000220 seconds.
  path: Assets/New 2D Kit/Prefabs/Spike.prefab
  artifactKey: Guid(63ec7df1189b1d445aabf9b057f51b91) Importer(815301076,1909f56bfc062723c751e8b465ee728b)
Start importing Assets/New 2D Kit/Prefabs/Spike.prefab using Guid(63ec7df1189b1d445aabf9b057f51b91) Importer(815301076,1909f56bfc062723c751e8b465ee728b)  -> (artifact id: '524b85c5997e3c1d68ee778d27da92f0') in 0.006766 seconds
  Import took 0.008730 seconds .

========================================================================
Received Import Request.
  Time since last request: 7.443491 seconds.
  path: Assets/New 2D Kit/Imported Assets
  artifactKey: Guid(0e20ac0fd2227204b8c7c10d4c8f5f39) Importer(815301076,1909f56bfc062723c751e8b465ee728b)
Start importing Assets/New 2D Kit/Imported Assets using Guid(0e20ac0fd2227204b8c7c10d4c8f5f39) Importer(815301076,1909f56bfc062723c751e8b465ee728b)  -> (artifact id: 'd4683c21533b4a4e7715d58ed28883bf') in 0.001888 seconds
  Import took 0.004350 seconds .

========================================================================
Received Import Request.
  Time since last request: 0.000755 seconds.
  path: Assets/New 2D Kit/Imported Assets
  artifactKey: Guid(0e20ac0fd2227204b8c7c10d4c8f5f39) Importer(815301076,1909f56bfc062723c751e8b465ee728b)
Start importing Assets/New 2D Kit/Imported Assets using Guid(0e20ac0fd2227204b8c7c10d4c8f5f39) Importer(815301076,1909f56bfc062723c751e8b465ee728b)  -> (artifact id: 'd4683c21533b4a4e7715d58ed28883bf') in 0.002044 seconds
  Import took 0.004657 seconds .

========================================================================
Received Import Request.
  Time since last request: 0.742214 seconds.
  path: Assets/New 2D Kit/Imported Assets/platformer-pack-redux-360-assets
  artifactKey: Guid(f8c7b902f66d29e4cbe7c84cece559ff) Importer(815301076,1909f56bfc062723c751e8b465ee728b)
Start importing Assets/New 2D Kit/Imported Assets/platformer-pack-redux-360-assets using Guid(f8c7b902f66d29e4cbe7c84cece559ff) Importer(815301076,1909f56bfc062723c751e8b465ee728b)  -> (artifact id: '931109116545e4eb4d8029ca8745d418') in 0.001815 seconds
  Import took 0.004046 seconds .

========================================================================
Received Import Request.
  Time since last request: 0.000529 seconds.
  path: Assets/New 2D Kit/Imported Assets/platformer-pack-redux-360-assets
  artifactKey: Guid(f8c7b902f66d29e4cbe7c84cece559ff) Importer(815301076,1909f56bfc062723c751e8b465ee728b)
Start importing Assets/New 2D Kit/Imported Assets/platformer-pack-redux-360-assets using Guid(f8c7b902f66d29e4cbe7c84cece559ff) Importer(815301076,1909f56bfc062723c751e8b465ee728b)  -> (artifact id: '931109116545e4eb4d8029ca8745d418') in 0.001246 seconds
  Import took 0.003303 seconds .

========================================================================
Received Import Request.
  Time since last request: 0.896111 seconds.
  path: Assets/New 2D Kit/Imported Assets/platformer-pack-redux-360-assets/PNG
  artifactKey: Guid(2630a160d34965c48b26f02f363ef752) Importer(815301076,1909f56bfc062723c751e8b465ee728b)
Start importing Assets/New 2D Kit/Imported Assets/platformer-pack-redux-360-assets/PNG using Guid(2630a160d34965c48b26f02f363ef752) Importer(815301076,1909f56bfc062723c751e8b465ee728b)  -> (artifact id: '5a19c8e308ee54f109cfb8a01dd5b1c7') in 0.002132 seconds
  Import took 0.004666 seconds .

========================================================================
Received Import Request.
  Time since last request: 0.000851 seconds.
  path: Assets/New 2D Kit/Imported Assets/platformer-pack-redux-360-assets/PNG
  artifactKey: Guid(2630a160d34965c48b26f02f363ef752) Importer(815301076,1909f56bfc062723c751e8b465ee728b)
Start importing Assets/New 2D Kit/Imported Assets/platformer-pack-redux-360-assets/PNG using Guid(2630a160d34965c48b26f02f363ef752) Importer(815301076,1909f56bfc062723c751e8b465ee728b)  -> (artifact id: '5a19c8e308ee54f109cfb8a01dd5b1c7') in 0.001703 seconds
  Import took 0.003859 seconds .

========================================================================
Received Import Request.
  Time since last request: 0.615561 seconds.
  path: Assets/New 2D Kit/Imported Assets/platformer-pack-redux-360-assets/PNG/Backgrounds
  artifactKey: Guid(d9144f87b6107a74886c9d91c4355d47) Importer(815301076,1909f56bfc062723c751e8b465ee728b)
Start importing Assets/New 2D Kit/Imported Assets/platformer-pack-redux-360-assets/PNG/Backgrounds using Guid(d9144f87b6107a74886c9d91c4355d47) Importer(815301076,1909f56bfc062723c751e8b465ee728b)  -> (artifact id: 'ff686167d9563c0805cc326bafac2b9d') in 0.002095 seconds
  Import took 0.004268 seconds .

========================================================================
Received Import Request.
  Time since last request: 0.096527 seconds.
  path: Assets/New 2D Kit/Imported Assets/platformer-pack-redux-360-assets/PNG/Backgrounds/blue_desert.png
  artifactKey: Guid(453b65745775fae4b8569c2ef6795066) Importer(815301076,1909f56bfc062723c751e8b465ee728b)
Start importing Assets/New 2D Kit/Imported Assets/platformer-pack-redux-360-assets/PNG/Backgrounds/blue_desert.png using Guid(453b65745775fae4b8569c2ef6795066) Importer(815301076,1909f56bfc062723c751e8b465ee728b)  -> (artifact id: 'f8434cfc59b8c8b074aacd5b6447ae77') in 0.069909 seconds
  Import took 0.072078 seconds .

========================================================================
Received Import Request.
  Time since last request: 6.406723 seconds.
  path: Assets/New 2D Kit/Imported Assets/platformer-pack-redux-360-assets/Spritesheets/spritesheet_ground.png
  artifactKey: Guid(75dedb04478236e49a236c19bb78865c) Importer(815301076,1909f56bfc062723c751e8b465ee728b)
Start importing Assets/New 2D Kit/Imported Assets/platformer-pack-redux-360-assets/Spritesheets/spritesheet_ground.png using Guid(75dedb04478236e49a236c19bb78865c) Importer(815301076,1909f56bfc062723c751e8b465ee728b)  -> (artifact id: '81fc4f60ef46b82fb658fa1f9932525e') in 0.196923 seconds
  Import took 0.199452 seconds .

========================================================================
Received Import Request.
  Time since last request: 14.091729 seconds.
  path: Assets/New 2D Kit/Imported Assets/platformer-pack-redux-360-assets/Spritesheets
  artifactKey: Guid(4ae5577a95092e745895d2aae3d275ae) Importer(815301076,1909f56bfc062723c751e8b465ee728b)
Start importing Assets/New 2D Kit/Imported Assets/platformer-pack-redux-360-assets/Spritesheets using Guid(4ae5577a95092e745895d2aae3d275ae) Importer(815301076,1909f56bfc062723c751e8b465ee728b)  -> (artifact id: 'f5a29f86278c063f81777dbfd0380d6a') in 0.001790 seconds
  Import took 0.004044 seconds .

========================================================================
Received Import Request.
  Time since last request: 0.000182 seconds.
  path: Assets/New 2D Kit/Imported Assets/platformer-pack-redux-360-assets/Spritesheets
  artifactKey: Guid(4ae5577a95092e745895d2aae3d275ae) Importer(815301076,1909f56bfc062723c751e8b465ee728b)
Start importing Assets/New 2D Kit/Imported Assets/platformer-pack-redux-360-assets/Spritesheets using Guid(4ae5577a95092e745895d2aae3d275ae) Importer(815301076,1909f56bfc062723c751e8b465ee728b)  -> (artifact id: 'f5a29f86278c063f81777dbfd0380d6a') in 0.001215 seconds
  Import took 0.003247 seconds .

========================================================================
Received Import Request.
  Time since last request: 12.157289 seconds.
  path: Assets/New 2D Kit/Sprites/coinBlank.png
  artifactKey: Guid(3db3231999265eb43a4a7cecba49625c) Importer(815301076,1909f56bfc062723c751e8b465ee728b)
Start importing Assets/New 2D Kit/Sprites/coinBlank.png using Guid(3db3231999265eb43a4a7cecba49625c) Importer(815301076,1909f56bfc062723c751e8b465ee728b)  -> (artifact id: 'f020902bb7bd3b310010186039e844d5') in 0.007178 seconds
  Import took 0.009526 seconds .

========================================================================
Received Import Request.
  Time since last request: 0.000265 seconds.
  path: Assets/New 2D Kit/Sprites/FlagBlank.png
  artifactKey: Guid(e736e3fbe15996346b59821c34fa87a5) Importer(815301076,1909f56bfc062723c751e8b465ee728b)
Start importing Assets/New 2D Kit/Sprites/FlagBlank.png using Guid(e736e3fbe15996346b59821c34fa87a5) Importer(815301076,1909f56bfc062723c751e8b465ee728b)  -> (artifact id: '810a6ecadecf5ef71baee8b2763a7a90') in 0.009655 seconds
  Import took 0.011714 seconds .

========================================================================
Received Import Request.
  Time since last request: 0.000149 seconds.
  path: Assets/New 2D Kit/Sprites/slimeBlock.png
  artifactKey: Guid(cb823fd6b570e0542badff7159f19878) Importer(815301076,1909f56bfc062723c751e8b465ee728b)
Start importing Assets/New 2D Kit/Sprites/slimeBlock.png using Guid(cb823fd6b570e0542badff7159f19878) Importer(815301076,1909f56bfc062723c751e8b465ee728b)  -> (artifact id: '6c215cdff71e29a8cec627a02b35d13d') in 0.007880 seconds
  Import took 0.009936 seconds .

========================================================================
Received Import Request.
  Time since last request: 0.000132 seconds.
  path: Assets/New 2D Kit/Sprites/FlagBlank.png
  artifactKey: Guid(e736e3fbe15996346b59821c34fa87a5) Importer(815301076,1909f56bfc062723c751e8b465ee728b)
Start importing Assets/New 2D Kit/Sprites/FlagBlank.png using Guid(e736e3fbe15996346b59821c34fa87a5) Importer(815301076,1909f56bfc062723c751e8b465ee728b)  -> (artifact id: '810a6ecadecf5ef71baee8b2763a7a90') in 0.006602 seconds
  Import took 0.008729 seconds .

========================================================================
Received Import Request.
  Time since last request: 0.000179 seconds.
  path: Assets/New 2D Kit/Sprites/SpikeBlank.png
  artifactKey: Guid(a3812343519196842be43496753ef9d8) Importer(815301076,1909f56bfc062723c751e8b465ee728b)
Start importing Assets/New 2D Kit/Sprites/SpikeBlank.png using Guid(a3812343519196842be43496753ef9d8) Importer(815301076,1909f56bfc062723c751e8b465ee728b)  -> (artifact id: '044bb4b14f4c6236e85cd23a72db3bc4') in 0.006693 seconds
  Import took 0.008852 seconds .

========================================================================
Received Import Request.
  Time since last request: 1.298525 seconds.
  path: Assets/New 2D Kit/Tilemap/spritesheet_ground_0.asset
  artifactKey: Guid(5538ee48e48e56c488b054424111cb40) Importer(815301076,1909f56bfc062723c751e8b465ee728b)
Start importing Assets/New 2D Kit/Tilemap/spritesheet_ground_0.asset using Guid(5538ee48e48e56c488b054424111cb40) Importer(815301076,1909f56bfc062723c751e8b465ee728b)  -> (artifact id: 'd2f53a288afd2c150b3b9254119cbd0c') in 0.019489 seconds
  Import took 0.021851 seconds .

========================================================================
Received Import Request.
  Time since last request: 0.000281 seconds.
  path: Assets/New 2D Kit/Tilemap/spritesheet_ground_7.asset
  artifactKey: Guid(672448a89a2936e4f8a040d1532dd363) Importer(815301076,1909f56bfc062723c751e8b465ee728b)
Start importing Assets/New 2D Kit/Tilemap/spritesheet_ground_7.asset using Guid(672448a89a2936e4f8a040d1532dd363) Importer(815301076,1909f56bfc062723c751e8b465ee728b)  -> (artifact id: 'a43cf10e9bddb767be4eef67deee3d11') in 0.019217 seconds
  Import took 0.021183 seconds .

========================================================================
Received Import Request.
  Time since last request: 0.000238 seconds.
  path: Assets/New 2D Kit/Tilemap/spritesheet_ground_70.asset
  artifactKey: Guid(fcba3aeeddd84f94a87d9d28705b77ba) Importer(815301076,1909f56bfc062723c751e8b465ee728b)
Start importing Assets/New 2D Kit/Tilemap/spritesheet_ground_70.asset using Guid(fcba3aeeddd84f94a87d9d28705b77ba) Importer(815301076,1909f56bfc062723c751e8b465ee728b)  -> (artifact id: 'b598f7597baf1fc0c7c4d6a64f878594') in 0.020721 seconds
  Import took 0.022799 seconds .

========================================================================
Received Import Request.
  Time since last request: 0.000180 seconds.
  path: Assets/New 2D Kit/Tilemap/spritesheet_ground_76.asset
  artifactKey: Guid(9b4e34ece729adb44be8b644f616daab) Importer(815301076,1909f56bfc062723c751e8b465ee728b)
Start importing Assets/New 2D Kit/Tilemap/spritesheet_ground_76.asset using Guid(9b4e34ece729adb44be8b644f616daab) Importer(815301076,1909f56bfc062723c751e8b465ee728b)  -> (artifact id: '374461915fcce95de1ca9b06c54fb8d2') in 0.020116 seconds
  Import took 0.022096 seconds .

========================================================================
Received Import Request.
  Time since last request: 0.000206 seconds.
  path: Assets/New 2D Kit/Tilemap/spritesheet_ground_21.asset
  artifactKey: Guid(e0718c578f143744e87eb8b6efc3f9b8) Importer(815301076,1909f56bfc062723c751e8b465ee728b)
Start importing Assets/New 2D Kit/Tilemap/spritesheet_ground_21.asset using Guid(e0718c578f143744e87eb8b6efc3f9b8) Importer(815301076,1909f56bfc062723c751e8b465ee728b)  -> (artifact id: 'e893e94a5b1c9ac3db01cfb9d88534ee') in 0.021216 seconds
  Import took 0.023308 seconds .

========================================================================
Received Import Request.
  Time since last request: 0.000159 seconds.
  path: Assets/New 2D Kit/Tilemap/spritesheet_ground_28.asset
  artifactKey: Guid(21bba472d1d80ee4ea33393615afc410) Importer(815301076,1909f56bfc062723c751e8b465ee728b)
Start importing Assets/New 2D Kit/Tilemap/spritesheet_ground_28.asset using Guid(21bba472d1d80ee4ea33393615afc410) Importer(815301076,1909f56bfc062723c751e8b465ee728b)  -> (artifact id: '8f5868cc12224afd17d520b8dfc66ef8') in 0.018072 seconds
  Import took 0.020096 seconds .

========================================================================
Received Import Request.
  Time since last request: 0.000130 seconds.
  path: Assets/New 2D Kit/Tilemap/spritesheet_ground_63.asset
  artifactKey: Guid(4b214028780ad90429b2707d6f5e38cc) Importer(815301076,1909f56bfc062723c751e8b465ee728b)
Start importing Assets/New 2D Kit/Tilemap/spritesheet_ground_63.asset using Guid(4b214028780ad90429b2707d6f5e38cc) Importer(815301076,1909f56bfc062723c751e8b465ee728b)  -> (artifact id: 'afa2088e9acfadcd4174bebb9770201f') in 0.018315 seconds
  Import took 0.020326 seconds .

========================================================================
Received Import Request.
  Time since last request: 0.000140 seconds.
  path: Assets/New 2D Kit/Tilemap/spritesheet_ground_1.asset
  artifactKey: Guid(363a05e293b7cd44ba2eec29572d822e) Importer(815301076,1909f56bfc062723c751e8b465ee728b)
Start importing Assets/New 2D Kit/Tilemap/spritesheet_ground_1.asset using Guid(363a05e293b7cd44ba2eec29572d822e) Importer(815301076,1909f56bfc062723c751e8b465ee728b)  -> (artifact id: 'aa0bb047869d2c88c0875b17c9d2d531') in 0.017928 seconds
  Import took 0.019947 seconds .

AssetImportWorkerClient::OnTransportError - code=2 error=End of file
